2023-01-20 07:59:51.7626|ERROR|OP.Newshore.WebAPI.Middleware.ErrorHandlerMiddleware|Se ha producido un error al ejecutar una función: Response status code does not indicate success: 401 (Unauthorized).
2023-01-20 08:00:24.2413|ERROR|Microsoft.AspNetCore.Diagnostics.DeveloperExceptionPageMiddleware|An unhandled exception has occurred while executing the request.|System.NullReferenceException: Object reference not set to an instance of an object.
   at OP.Newshore.WebAPI.Middleware.ErrorHandlerMiddleware.Invoke(HttpContext context) in C:\Users\ander\OneDrive\Escritorio\Newshore\OP.Newshore.Api\OP.Newshore.WebAPI\Middleware\ErrorHandlerMiddleware.cs:line 51
   at Microsoft.AspNetCore.Authorization.AuthorizationMiddleware.Invoke(HttpContext context)
   at Swashbuckle.AspNetCore.SwaggerUI.SwaggerUIMiddleware.Invoke(HttpContext httpContext)
   at Swashbuckle.AspNetCore.Swagger.SwaggerMiddleware.Invoke(HttpContext httpContext, ISwaggerProvider swaggerProvider)
   at Microsoft.AspNetCore.Diagnostics.DeveloperExceptionPageMiddleware.Invoke(HttpContext context)
2023-01-20 08:00:43.3345|ERROR|OP.Newshore.WebAPI.Middleware.ErrorHandlerMiddleware|Se ha producido un error al ejecutar una función: Response status code does not indicate success: 401 (Unauthorized).
2023-01-20 08:01:06.3774|ERROR|Microsoft.AspNetCore.Diagnostics.DeveloperExceptionPageMiddleware|An unhandled exception has occurred while executing the request.|System.NullReferenceException: Object reference not set to an instance of an object.
   at OP.Newshore.WebAPI.Middleware.ErrorHandlerMiddleware.Invoke(HttpContext context) in C:\Users\ander\OneDrive\Escritorio\Newshore\OP.Newshore.Api\OP.Newshore.WebAPI\Middleware\ErrorHandlerMiddleware.cs:line 51
   at Microsoft.AspNetCore.Authorization.AuthorizationMiddleware.Invoke(HttpContext context)
   at Swashbuckle.AspNetCore.SwaggerUI.SwaggerUIMiddleware.Invoke(HttpContext httpContext)
   at Swashbuckle.AspNetCore.Swagger.SwaggerMiddleware.Invoke(HttpContext httpContext, ISwaggerProvider swaggerProvider)
   at Microsoft.AspNetCore.Diagnostics.DeveloperExceptionPageMiddleware.Invoke(HttpContext context)
2023-01-20 08:02:03.0059|ERROR|OP.Newshore.WebAPI.Middleware.ErrorHandlerMiddleware|Se ha producido un error al ejecutar una función: Response status code does not indicate success: 401 (Unauthorized).
2023-01-20 08:02:07.1716|ERROR|Microsoft.AspNetCore.Diagnostics.DeveloperExceptionPageMiddleware|An unhandled exception has occurred while executing the request.|System.NullReferenceException: Object reference not set to an instance of an object.
   at OP.Newshore.WebAPI.Middleware.ErrorHandlerMiddleware.Invoke(HttpContext context) in C:\Users\ander\OneDrive\Escritorio\Newshore\OP.Newshore.Api\OP.Newshore.WebAPI\Middleware\ErrorHandlerMiddleware.cs:line 51
   at Microsoft.AspNetCore.Authorization.AuthorizationMiddleware.Invoke(HttpContext context)
   at Swashbuckle.AspNetCore.SwaggerUI.SwaggerUIMiddleware.Invoke(HttpContext httpContext)
   at Swashbuckle.AspNetCore.Swagger.SwaggerMiddleware.Invoke(HttpContext httpContext, ISwaggerProvider swaggerProvider)
   at Microsoft.AspNetCore.Diagnostics.DeveloperExceptionPageMiddleware.Invoke(HttpContext context)
2023-01-20 08:02:25.0920|ERROR|OP.Newshore.WebAPI.Middleware.ErrorHandlerMiddleware|Se ha producido un error al ejecutar una función: Response status code does not indicate success: 401 (Unauthorized).
2023-01-20 08:02:36.6766|ERROR|Microsoft.AspNetCore.Diagnostics.DeveloperExceptionPageMiddleware|An unhandled exception has occurred while executing the request.|System.NullReferenceException: Object reference not set to an instance of an object.
   at OP.Newshore.WebAPI.Middleware.ErrorHandlerMiddleware.Invoke(HttpContext context) in C:\Users\ander\OneDrive\Escritorio\Newshore\OP.Newshore.Api\OP.Newshore.WebAPI\Middleware\ErrorHandlerMiddleware.cs:line 51
   at Microsoft.AspNetCore.Authorization.AuthorizationMiddleware.Invoke(HttpContext context)
   at Swashbuckle.AspNetCore.SwaggerUI.SwaggerUIMiddleware.Invoke(HttpContext httpContext)
   at Swashbuckle.AspNetCore.Swagger.SwaggerMiddleware.Invoke(HttpContext httpContext, ISwaggerProvider swaggerProvider)
   at Microsoft.AspNetCore.Diagnostics.DeveloperExceptionPageMiddleware.Invoke(HttpContext context)
2023-01-20 08:03:39.1445|ERROR|OP.Newshore.WebAPI.Middleware.ErrorHandlerMiddleware|Se ha producido un error al ejecutar una función: Response status code does not indicate success: 401 (Unauthorized).
2023-01-20 08:03:50.6692|ERROR|Microsoft.AspNetCore.Diagnostics.DeveloperExceptionPageMiddleware|An unhandled exception has occurred while executing the request.|System.NullReferenceException: Object reference not set to an instance of an object.
   at OP.Newshore.WebAPI.Middleware.ErrorHandlerMiddleware.Invoke(HttpContext context) in C:\Users\ander\OneDrive\Escritorio\Newshore\OP.Newshore.Api\OP.Newshore.WebAPI\Middleware\ErrorHandlerMiddleware.cs:line 51
   at Microsoft.AspNetCore.Authorization.AuthorizationMiddleware.Invoke(HttpContext context)
   at Swashbuckle.AspNetCore.SwaggerUI.SwaggerUIMiddleware.Invoke(HttpContext httpContext)
   at Swashbuckle.AspNetCore.Swagger.SwaggerMiddleware.Invoke(HttpContext httpContext, ISwaggerProvider swaggerProvider)
   at Microsoft.AspNetCore.Diagnostics.DeveloperExceptionPageMiddleware.Invoke(HttpContext context)
